<?xml version="1.0" encoding="UTF-8"?>
<!-- Generated by org.testng.reporters.JUnitReportReporter -->
<testsuite skipped="0" hostname="LAPTOP-D3528CHI" name="com.compass.practice.SmokeTestCases" tests="1" failures="0" timestamp="16 Sep 2020 08:02:46 GMT" time="55.396" errors="0">
  <testcase name="valid_login" time="55.396" classname="com.compass.practice.SmokeTestCases"/>
</testsuite> <!-- com.compass.practice.SmokeTestCases -->
