<?xml version="1.0" encoding="UTF-8"?>
<!-- Generated by org.testng.reporters.JUnitReportReporter -->
<testsuite skipped="0" hostname="LAPTOP-D3528CHI" name="com.compaspro.testcases.ForgotPasswordTest" tests="1" failures="0" timestamp="19 Oct 2020 07:21:01 GMT" time="82.256" errors="0">
  <testcase name="forgot_password1" time="82.256" classname="com.compaspro.testcases.ForgotPasswordTest"/>
</testsuite> <!-- com.compaspro.testcases.ForgotPasswordTest -->
