<?xml version="1.0" encoding="UTF-8"?>
<!-- Generated by org.testng.reporters.JUnitReportReporter -->
<testsuite skipped="0" hostname="LAPTOP-D3528CHI" name="com.compass.practice.InstallApk" tests="1" failures="0" timestamp="23 Oct 2020 04:36:51 GMT" time="43.540" errors="0">
  <testcase name="install_Apk" time="43.540" classname="com.compass.practice.InstallApk"/>
</testsuite> <!-- com.compass.practice.InstallApk -->
