<?xml version="1.0" encoding="UTF-8"?>
<!-- Generated by org.testng.reporters.JUnitReportReporter -->
<testsuite skipped="0" hostname="LAPTOP-D3528CHI" name="com.compaspro.testcases.LoginTest" tests="2" failures="0" timestamp="19 Oct 2020 07:21:01 GMT" time="71.148" errors="0">
  <testcase name="Login_Test1" time="40.472" classname="com.compaspro.testcases.LoginTest"/>
  <testcase name="Login_Test2" time="30.676" classname="com.compaspro.testcases.LoginTest"/>
</testsuite> <!-- com.compaspro.testcases.LoginTest -->
