<?xml version="1.0" encoding="UTF-8"?>
<!-- Generated by org.testng.reporters.JUnitReportReporter -->
<testsuite skipped="0" hostname="LAPTOP-D3528CHI" name="com.compaspro.testcases.SettingsTest" tests="1" failures="0" timestamp="19 Oct 2020 07:21:01 GMT" time="92.291" errors="0">
  <testcase name="change_password_Test1" time="92.291" classname="com.compaspro.testcases.SettingsTest"/>
</testsuite> <!-- com.compaspro.testcases.SettingsTest -->
